0 info it worked if it ends with ok
1 verbose cli [ '/home/wangfan/.nvm/versions/node/v6.1.0/bin/node',
1 verbose cli   '/home/wangfan/.nvm/versions/node/v6.1.0/bin/npm',
1 verbose cli   'start' ]
2 info using npm@3.8.6
3 info using node@v6.1.0
4 verbose run-script [ 'prestart', 'start', 'poststart' ]
5 info lifecycle slider-puzzle-captcha@0.1.0~prestart: slider-puzzle-captcha@0.1.0
6 silly lifecycle slider-puzzle-captcha@0.1.0~prestart: no script for prestart, continuing
7 info lifecycle slider-puzzle-captcha@0.1.0~start: slider-puzzle-captcha@0.1.0
8 verbose lifecycle slider-puzzle-captcha@0.1.0~start: unsafe-perm in lifecycle true
9 verbose lifecycle slider-puzzle-captcha@0.1.0~start: PATH: /home/wangfan/.nvm/versions/node/v6.1.0/lib/node_modules/npm/bin/node-gyp-bin:/home/wangfan/xinnet/html2016/slider-puzzle-captcha/node_modules/.bin:/home/wangfan/.nvm/versions/node/v6.1.0/bin:/home/wangfan/.gvm/bin:/home/wangfan/.nvm/versions/node/v6.1.0/bin:/home/wangfan/.rvm/gems/ruby-2.2.3/bin:/home/wangfan/.rvm/gems/ruby-2.2.3@global/bin:/home/wangfan/.rvm/rubies/ruby-2.2.3/bin:/usr/local/sbin:/usr/local/bin:/usr/sbin:/usr/bin:/sbin:/bin:/usr/games:/usr/local/games:/home/wangfan/.rvm/bin:/home/wangfan/android/sdk/platform-tools:/home/wangfan/android/sdk/tools:./node_modules/.bin:/home/wangfan/golang/bin
10 verbose lifecycle slider-puzzle-captcha@0.1.0~start: CWD: /home/wangfan/xinnet/html2016/slider-puzzle-captcha
11 silly lifecycle slider-puzzle-captcha@0.1.0~start: Args: [ '-c', 'gulp' ]
12 silly lifecycle slider-puzzle-captcha@0.1.0~start: Returned: code: 1  signal: null
13 info lifecycle slider-puzzle-captcha@0.1.0~start: Failed to exec start script
14 verbose stack Error: slider-puzzle-captcha@0.1.0 start: `gulp`
14 verbose stack Exit status 1
14 verbose stack     at EventEmitter.<anonymous> (/home/wangfan/.nvm/versions/node/v6.1.0/lib/node_modules/npm/lib/utils/lifecycle.js:239:16)
14 verbose stack     at emitTwo (events.js:106:13)
14 verbose stack     at EventEmitter.emit (events.js:191:7)
14 verbose stack     at ChildProcess.<anonymous> (/home/wangfan/.nvm/versions/node/v6.1.0/lib/node_modules/npm/lib/utils/spawn.js:24:14)
14 verbose stack     at emitTwo (events.js:106:13)
14 verbose stack     at ChildProcess.emit (events.js:191:7)
14 verbose stack     at maybeClose (internal/child_process.js:850:16)
14 verbose stack     at Process.ChildProcess._handle.onexit (internal/child_process.js:215:5)
15 verbose pkgid slider-puzzle-captcha@0.1.0
16 verbose cwd /home/wangfan/xinnet/html2016/slider-puzzle-captcha
17 error Linux 3.19.0-64-generic
18 error argv "/home/wangfan/.nvm/versions/node/v6.1.0/bin/node" "/home/wangfan/.nvm/versions/node/v6.1.0/bin/npm" "start"
19 error node v6.1.0
20 error npm  v3.8.6
21 error code ELIFECYCLE
22 error slider-puzzle-captcha@0.1.0 start: `gulp`
22 error Exit status 1
23 error Failed at the slider-puzzle-captcha@0.1.0 start script 'gulp'.
23 error Make sure you have the latest version of node.js and npm installed.
23 error If you do, this is most likely a problem with the slider-puzzle-captcha package,
23 error not with npm itself.
23 error Tell the author that this fails on your system:
23 error     gulp
23 error You can get information on how to open an issue for this project with:
23 error     npm bugs slider-puzzle-captcha
23 error Or if that isn't available, you can get their info via:
23 error     npm owner ls slider-puzzle-captcha
23 error There is likely additional logging output above.
24 verbose exit [ 1, true ]
